<?xml version="1.0" encoding="UTF-8"?>
<!-- Generated by org.testng.reporters.JUnitReportReporter -->
<testsuite skipped="0" hostname="IBM797-PC0F1EDE" name="com.training.sanity.tests.UNF_067" tests="5" failures="0" timestamp="17 Jul 2019 04:19:23 GMT" time="50.594" errors="0">
  <testcase name="login" time="4.656" classname="com.training.sanity.tests.UNF_067"/>
  <testcase name="loginDBTest" time="11.543" classname="com.training.sanity.tests.UNF_067"/>
  <testcase name="loginDBTest" time="11.446" classname="com.training.sanity.tests.UNF_067"/>
  <testcase name="loginDBTest" time="11.325" classname="com.training.sanity.tests.UNF_067"/>
  <testcase name="loginDBTest" time="11.624" classname="com.training.sanity.tests.UNF_067"/>
</testsuite> <!-- com.training.sanity.tests.UNF_067 -->
