<?xml version="1.0" encoding="UTF-8"?>
<!-- Generated by org.testng.reporters.JUnitReportReporter -->
<testsuite skipped="0" hostname="IBM797-PC0F1EDE" name="com.training.sanity.tests.UNF_082" tests="1" failures="0" timestamp="21 Jul 2019 16:03:51 GMT" time="5.419" errors="0">
  <testcase name="login" time="5.419" classname="com.training.sanity.tests.UNF_082"/>
</testsuite> <!-- com.training.sanity.tests.UNF_082 -->
