<?xml version="1.0" encoding="UTF-8"?>
<!-- Generated by org.testng.reporters.JUnitReportReporter -->
<testsuite skipped="0" hostname="IBM797-PC0F1EDE" name="com.training.regression.tests.LoginMultipleValuesTest" tests="2" failures="0" timestamp="26 Jun 2019 14:57:09 GMT" time="32.472" errors="0">
  <testcase name="testMethod1" time="10.494" classname="com.training.regression.tests.LoginMultipleValuesTest"/>
  <testcase name="testMethod1" time="21.978" classname="com.training.regression.tests.LoginMultipleValuesTest"/>
</testsuite> <!-- com.training.regression.tests.LoginMultipleValuesTest -->
