<?xml version="1.0" encoding="UTF-8"?>
<!-- Generated by org.testng.reporters.JUnitReportReporter -->
<testsuite skipped="0" hostname="IBM797-PC0F1EDE" name="com.training.sanity.tests.UNF_039" tests="1" failures="0" timestamp="08 Jul 2019 14:47:51 GMT" time="15.614" errors="0">
  <testcase name="validLoginTest" time="15.614" classname="com.training.sanity.tests.UNF_039"/>
</testsuite> <!-- com.training.sanity.tests.UNF_039 -->
