<?xml version="1.0" encoding="UTF-8"?>
<!-- Generated by org.testng.reporters.JUnitReportReporter -->
<testsuite skipped="1" hostname="IBM797-PC0F1EDE" name="com.training.regression.tests.LoginDBTest" tests="1" failures="0" timestamp="26 Jun 2019 14:57:09 GMT" time="0.000" errors="0">
  <testcase name="loginDBTest" time="0.000" classname="com.training.regression.tests.LoginDBTest">
    <skipped/>
  </testcase> <!-- loginDBTest -->
</testsuite> <!-- com.training.regression.tests.LoginDBTest -->
