<?xml version="1.0" encoding="UTF-8"?>
<!-- Generated by org.testng.reporters.JUnitReportReporter -->
<testsuite skipped="0" hostname="IBM797-PC0F1EDE" name="com.training.sanity.tests.UNF_038" tests="1" failures="0" timestamp="08 Jul 2019 14:46:59 GMT" time="18.177" errors="0">
  <testcase name="validLoginTest" time="18.177" classname="com.training.sanity.tests.UNF_038"/>
</testsuite> <!-- com.training.sanity.tests.UNF_038 -->
