<?xml version="1.0" encoding="UTF-8"?>
<!-- Generated by org.testng.reporters.JUnitReportReporter -->
<testsuite skipped="0" hostname="IBM797-PC0F1EDE" name="com.training.sanity.tests.UFM_007" tests="2" failures="0" timestamp="02 Jul 2019 05:23:53 GMT" time="18.447" errors="0">
  <testcase name="validLoginTest" time="10.692" classname="com.training.sanity.tests.UFM_007"/>
  <testcase name="validChangePassword" time="7.755" classname="com.training.sanity.tests.UFM_007"/>
</testsuite> <!-- com.training.sanity.tests.UFM_007 -->
