<?xml version="1.0" encoding="UTF-8"?>
<!-- Generated by org.testng.reporters.JUnitReportReporter -->
<testsuite skipped="0" hostname="IBM797-PC0F1EDE" name="com.training.sanity.tests.UNF_068" tests="5" failures="0" timestamp="17 Jul 2019 05:55:10 GMT" time="70.101" errors="0">
  <testcase name="login" time="5.447" classname="com.training.sanity.tests.UNF_068"/>
  <testcase name="loginDBTest" time="16.035" classname="com.training.sanity.tests.UNF_068"/>
  <testcase name="loginDBTest" time="16.226" classname="com.training.sanity.tests.UNF_068"/>
  <testcase name="loginDBTest" time="16.199" classname="com.training.sanity.tests.UNF_068"/>
  <testcase name="loginDBTest" time="16.194" classname="com.training.sanity.tests.UNF_068"/>
</testsuite> <!-- com.training.sanity.tests.UNF_068 -->
