<?xml version="1.0" encoding="UTF-8"?>
<!-- Generated by org.testng.reporters.JUnitReportReporter -->
<testsuite skipped="0" hostname="IBM797-PC0F1EDE" name="com.training.sanity.tests.UFM_007" tests="2" failures="0" timestamp="28 Jun 2019 14:17:46 GMT" time="5.031" errors="0">
  <testcase name="validLoginTest" time="3.342" classname="com.training.sanity.tests.UFM_007"/>
  <testcase name="validChangePassword" time="1.689" classname="com.training.sanity.tests.UFM_007"/>
</testsuite> <!-- com.training.sanity.tests.UFM_007 -->
