<?xml version="1.0" encoding="UTF-8"?>
<!-- Generated by org.testng.reporters.JUnitReportReporter -->
<testsuite skipped="0" hostname="IBM797-PC0F1EDE" name="com.training.sanity.tests.UFM_009" tests="1" failures="0" timestamp="03 Jul 2019 09:52:26 GMT" time="62.650" errors="0">
  <testcase name="validAddProducts" time="62.650" classname="com.training.sanity.tests.UFM_009"/>
</testsuite> <!-- com.training.sanity.tests.UFM_009 -->
