<?xml version="1.0" encoding="UTF-8"?>
<!-- Generated by org.testng.reporters.JUnitReportReporter -->
<testsuite skipped="0" hostname="IBM797-PC0F1EDE" name="com.training.regression.tests.LoginExcelTest" tests="5" failures="0" timestamp="17 Jul 2019 04:03:23 GMT" time="53.735" errors="0">
  <testcase name="login" time="8.015" classname="com.training.regression.tests.LoginExcelTest"/>
  <testcase name="loginDBTest" time="11.444" classname="com.training.regression.tests.LoginExcelTest"/>
  <testcase name="loginDBTest" time="11.550" classname="com.training.regression.tests.LoginExcelTest"/>
  <testcase name="loginDBTest" time="11.332" classname="com.training.regression.tests.LoginExcelTest"/>
  <testcase name="loginDBTest" time="11.394" classname="com.training.regression.tests.LoginExcelTest"/>
</testsuite> <!-- com.training.regression.tests.LoginExcelTest -->
